{
  "stats": {
    "suites": 1,
    "tests": 2,
    "passes": 1,
    "pending": 7,
    "failures": -6,
    "start": "2022-07-04T14:20:58.133Z",
    "end": "2022-07-04T14:21:07.817Z",
    "duration": 9684,
    "testsRegistered": 8,
    "passPercent": 100,
    "pendingPercent": 87.5,
    "other": 6,
    "hasOther": true,
    "skipped": 0,
    "hasSkipped": false
  },
  "results": [
    {
      "uuid": "9c27a9a9-acf0-4e16-8cc9-e582cc4f9547",
      "title": "",
      "fullFile": "cypress/e2e/examples/Inaugural.js",
      "file": "cypress/e2e/examples/Inaugural.js",
      "beforeHooks": [],
      "afterHooks": [],
      "tests": [],
      "suites": [
        {
          "uuid": "19766598-88f8-42c9-bf75-57520b97ae88",
          "title": "Test Suite",
          "fullFile": "",
          "file": "",
          "beforeHooks": [],
          "afterHooks": [],
          "tests": [
            {
              "title": "Test Case 1",
              "fullTitle": "Test Suite Test Case 1",
              "timedOut": null,
              "duration": 0,
              "state": "pending",
              "speed": null,
              "pass": false,
              "fail": false,
              "pending": true,
              "context": null,
              "code": "",
              "err": {},
              "uuid": "ec8df182-bd84-4f24-a7c7-69dff1de5169",
              "parentUUID": "19766598-88f8-42c9-bf75-57520b97ae88",
              "isHook": false,
              "skipped": false
            },
            {
              "title": "Test Case 2",
              "fullTitle": "Test Suite Test Case 2",
              "timedOut": null,
              "duration": 0,
              "state": "pending",
              "speed": null,
              "pass": false,
              "fail": false,
              "pending": true,
              "context": null,
              "code": "",
              "err": {},
              "uuid": "52fc5955-8767-4e83-b56f-2c8e568e2c55",
              "parentUUID": "19766598-88f8-42c9-bf75-57520b97ae88",
              "isHook": false,
              "skipped": false
            },
            {
              "title": "Handling WebElements",
              "fullTitle": "Test Suite Handling WebElements",
              "timedOut": null,
              "duration": 7302,
              "state": "passed",
              "speed": "medium",
              "pass": true,
              "fail": false,
              "pending": false,
              "context": null,
              "code": "//Check boxes with assertions\ncy.visit(\"https://rahulshettyacademy.com/AutomationPractice/\");\ncy.get('#checkBoxOption1').check().should('be.checked').and('have.value', 'option1');\ncy.get('#checkBoxOption1').uncheck().should('not.be.checked');\ncy.get('input[type=\"checkbox\"]').check(['option2', 'option3']); //Static Dropdown\ncy.get('select').select('option2').should('have.value', 'option2'); //Dynamic dropdowns\ncy.get('#autocomplete').type('ind');\ncy.get('.ui-menu-item div').each(($e1, index, $list) => {\n  if ($e1.text() === \"India\") {\n    $e1.trigger('click');\n  }\n}); //autocomplete\ncy.get('#autocomplete').should('have.value', 'India'); //visible invisible\ncy.get('#displayed-text').should('be.visible');\ncy.get('#hide-textbox').click();\ncy.get('#displayed-text').should('not.be.visible');\ncy.get('#show-textbox').click();\ncy.get('#displayed-text').should('be.visible'); //radio buttons\ncy.get('[value=\"radio2\"]').check().should('be.checked');",
              "err": {},
              "uuid": "2f2845fa-e2b8-4b18-887b-9f1c1b65643b",
              "parentUUID": "19766598-88f8-42c9-bf75-57520b97ae88",
              "isHook": false,
              "skipped": false
            },
            {
              "title": "Window Handling and Navigation",
              "fullTitle": "Test Suite Window Handling and Navigation",
              "timedOut": null,
              "duration": 0,
              "state": "pending",
              "speed": null,
              "pass": false,
              "fail": false,
              "pending": true,
              "context": null,
              "code": "",
              "err": {},
              "uuid": "176e8943-f6c0-4323-8b6c-dc67db4fb9e6",
              "parentUUID": "19766598-88f8-42c9-bf75-57520b97ae88",
              "isHook": false,
              "skipped": false
            },
            {
              "title": "Page Object Model and Data from JSON",
              "fullTitle": "Test Suite Page Object Model and Data from JSON",
              "timedOut": null,
              "duration": 0,
              "state": "pending",
              "speed": null,
              "pass": false,
              "fail": false,
              "pending": true,
              "context": null,
              "code": "",
              "err": {},
              "uuid": "08628a8d-f59c-43e0-9707-c31385a5776e",
              "parentUUID": "19766598-88f8-42c9-bf75-57520b97ae88",
              "isHook": false,
              "skipped": false
            },
            {
              "title": "Visual Regression Tests",
              "fullTitle": "Test Suite Visual Regression Tests",
              "timedOut": null,
              "duration": 0,
              "state": "pending",
              "speed": null,
              "pass": false,
              "fail": false,
              "pending": true,
              "context": null,
              "code": "",
              "err": {},
              "uuid": "a927f025-7ea5-49f7-a880-4eceedce9053",
              "parentUUID": "19766598-88f8-42c9-bf75-57520b97ae88",
              "isHook": false,
              "skipped": false
            },
            {
              "title": "Visual Regression Test Initial Tests",
              "fullTitle": "Test Suite Visual Regression Test Initial Tests",
              "timedOut": null,
              "duration": 0,
              "state": "pending",
              "speed": null,
              "pass": false,
              "fail": false,
              "pending": true,
              "context": null,
              "code": "",
              "err": {},
              "uuid": "64eed5e0-535b-4a31-b74e-7212be5e5fb0",
              "parentUUID": "19766598-88f8-42c9-bf75-57520b97ae88",
              "isHook": false,
              "skipped": false
            },
            {
              "title": "XHR Automation",
              "fullTitle": "Test Suite XHR Automation",
              "timedOut": null,
              "duration": 0,
              "state": "pending",
              "speed": null,
              "pass": false,
              "fail": false,
              "pending": true,
              "context": null,
              "code": "",
              "err": {},
              "uuid": "cf24f949-7245-427c-83bf-f3e7c763007f",
              "parentUUID": "19766598-88f8-42c9-bf75-57520b97ae88",
              "isHook": false,
              "skipped": false
            }
          ],
          "suites": [],
          "passes": [
            "2f2845fa-e2b8-4b18-887b-9f1c1b65643b"
          ],
          "failures": [],
          "pending": [
            "ec8df182-bd84-4f24-a7c7-69dff1de5169",
            "52fc5955-8767-4e83-b56f-2c8e568e2c55",
            "176e8943-f6c0-4323-8b6c-dc67db4fb9e6",
            "08628a8d-f59c-43e0-9707-c31385a5776e",
            "a927f025-7ea5-49f7-a880-4eceedce9053",
            "64eed5e0-535b-4a31-b74e-7212be5e5fb0",
            "cf24f949-7245-427c-83bf-f3e7c763007f"
          ],
          "skipped": [],
          "duration": 7302,
          "root": false,
          "rootEmpty": false,
          "_timeout": 2000
        }
      ],
      "passes": [],
      "failures": [],
      "pending": [],
      "skipped": [],
      "duration": 0,
      "root": true,
      "rootEmpty": true,
      "_timeout": 2000
    }
  ],
  "meta": {
    "mocha": {
      "version": "7.0.1"
    },
    "mochawesome": {
      "options": {
        "quiet": false,
        "reportFilename": "mochawesome",
        "saveHtml": true,
        "saveJson": true,
        "consoleReporter": "spec",
        "useInlineDiffs": false,
        "code": true
      },
      "version": "6.3.1"
    },
    "marge": {
      "options": null,
      "version": "5.2.0"
    }
  }
}